[21:26:01] 提交任务 [happyhorse-1.1-r2v] (duration=12s, res=1080P, neg=384chars, refs=3)
[21:26:02]   request_id = 8e6402eb-6b20-4932-a897-7c5cc96a5d3c, 初始状态 = queued
[21:26:02]   状态: queued
[21:26:13]   状态: processing
[21:26:23]   状态: processing
[21:26:33]   状态: processing
[21:26:43]   状态: processing
[21:26:53]   状态: processing
[21:27:04]   状态: processing
[21:27:14]   状态: processing
[21:27:24]   状态: processing
[21:27:34]   状态: processing
[21:27:45]   状态: processing
[21:27:55]   状态: processing
[21:28:05]   状态: processing
[21:28:15]   状态: processing
[21:28:25]   状态: processing
[21:28:36]   状态: processing
[21:28:46]   状态: processing
[21:28:56]   状态: processing
[21:29:06]   状态: processing
[21:29:16]   状态: processing
[21:29:27]   状态: processing
[21:29:37]   状态: processing
[21:29:47]   状态: processing
[21:29:57]   状态: processing
[21:30:08]   状态: processing
[21:30:18]   状态: processing
[21:30:28]   状态: processing
[21:30:38]   状态: processing
[21:30:49]   状态: processing
[21:30:59]   状态: processing
[21:31:09]   状态: processing
[21:31:19]   状态: processing
[21:31:30]   状态: processing
[21:31:40]   状态: processing
[21:31:50]   状态: processing
[21:32:00]   状态: processing
[21:32:10]   状态: processing
[21:32:21]   状态: success
[21:32:21] 下载到 /Users/stevensmac/GMI Wolf/output/wave2/S04_v2.mp4
[21:32:22]   完成 (12.71 MB)
[21:32:22] 尾帧已保存: /Users/stevensmac/GMI Wolf/output/wave2/frames/S04_v2_last.png
[21:32:22] 耗时 380s
