[21:36:15] 提交任务 [happyhorse-1.1-r2v] (duration=10s, res=1080P, neg=288chars, refs=3)
[21:36:16]   request_id = bb4e7d52-ff5e-4d70-a72c-e559e3b0c338, 初始状态 = queued
[21:36:17]   状态: queued
[21:36:27]   状态: processing
[21:36:37]   状态: processing
[21:36:47]   状态: processing
[21:36:57]   状态: processing
[21:37:08]   状态: processing
[21:37:18]   状态: processing
[21:37:28]   状态: processing
[21:37:38]   状态: processing
[21:37:49]   状态: processing
[21:37:59]   状态: processing
[21:38:09]   状态: processing
[21:38:19]   状态: processing
[21:38:29]   状态: processing
[21:38:40]   状态: processing
[21:38:50]   状态: processing
[21:39:00]   状态: processing
[21:39:10]   状态: processing
[21:39:20]   状态: processing
[21:39:31]   状态: processing
[21:39:41]   状态: processing
[21:39:51]   状态: processing
[21:40:01]   状态: processing
[21:40:12]   状态: success
[21:40:12] 下载到 /Users/stevensmac/GMI Wolf/output/wave2/S05_v3.mp4
[21:40:12]   完成 (12.78 MB)
[21:40:13] 尾帧已保存: /Users/stevensmac/GMI Wolf/output/wave2/frames/S05_v3_last.png
[21:40:13] 耗时 237s
S04v2_t1.5.png
S04v2_t10.5.png
S04v2_t4.5.png
S04v2_t7.5.png
