[23:00:09] 提交任务 [happyhorse-1.1-r2v] (duration=12s, res=1080P, neg=403chars, refs=5)
[23:00:11]   request_id = b19e396d-d516-4a55-a33a-93161382e2e1, 初始状态 = queued
[23:00:11]   状态: queued
[23:00:22]   状态: processing
[23:00:32]   状态: processing
[23:00:42]   状态: processing
[23:00:52]   状态: processing
[23:01:02]   状态: processing
[23:01:13]   状态: processing
[23:01:23]   状态: processing
[23:01:33]   状态: processing
[23:01:43]   状态: processing
[23:01:53]   状态: processing
[23:02:04]   状态: processing
[23:02:14]   状态: processing
[23:02:24]   状态: processing
[23:02:34]   状态: processing
[23:02:44]   状态: processing
[23:02:55]   状态: processing
[23:03:05]   状态: processing
[23:03:15]   状态: processing
[23:03:25]   状态: processing
[23:03:35]   状态: processing
[23:03:46]   状态: processing
[23:03:56]   状态: processing
[23:04:06]   状态: processing
[23:04:16]   状态: processing
[23:04:26]   状态: processing
[23:04:37]   状态: processing
[23:04:47]   状态: processing
[23:04:57]   状态: processing
[23:05:07]   状态: processing
[23:05:18]   状态: processing
[23:05:28]   状态: processing
[23:05:38]   状态: processing
[23:05:48]   状态: processing
[23:05:58]   状态: processing
[23:06:09]   状态: processing
[23:06:19]   状态: processing
[23:06:29]   状态: processing
[23:06:39]   状态: processing
[23:06:50]   状态: processing
[23:07:00]   状态: processing
[23:07:10]   状态: processing
[23:07:20]   状态: processing
[23:07:30]   状态: processing
[23:07:41]   状态: processing
[23:07:51]   状态: processing
[23:08:01]   状态: processing
[23:08:11]   状态: processing
[23:08:21]   状态: processing
[23:08:32]   状态: processing
[23:08:42]   状态: processing
[23:08:52]   状态: processing
[23:09:02]   状态: processing
[23:09:13]   状态: processing
[23:09:23]   状态: processing
[23:09:33]   状态: processing
[23:09:43]   状态: processing
[23:09:53]   状态: processing
[23:10:04]   状态: processing
[23:10:14]   状态: processing
[23:10:24]   状态: processing
[23:10:34]   状态: processing
[23:10:44]   状态: processing
[23:10:55]   状态: processing
[23:11:05]   状态: processing
[23:11:15]   状态: processing
[23:11:25]   状态: processing
[23:11:35]   状态: processing
[23:11:46]   状态: processing
[23:11:56]   状态: processing
[23:12:06]   状态: processing
[23:12:16]   状态: processing
[23:12:27]   状态: processing
[23:12:37]   状态: processing
[23:12:47]   状态: success
[23:12:47] 下载到 /Users/stevensmac/GMI Wolf/output/wave2/S07_v4.mp4
[23:12:48]   完成 (12.04 MB)
[23:12:48] 尾帧已保存: /Users/stevensmac/GMI Wolf/output/wave2/frames/S07_v4_last.png
[23:12:48] 耗时 758s
