[17:18:40] 提交任务 [happyhorse-1.1-i2v] (duration=12s, res=1080P, neg=198chars, first_frame=url)
[17:18:41]   request_id = 5f31421c-1f26-4171-8a4f-10c57336c830, 初始状态 = queued
[17:18:41]   状态: queued
[17:18:52]   状态: processing
[17:19:02]   状态: processing
[17:19:12]   状态: processing
[17:19:22]   状态: processing
[17:19:32]   状态: processing
[17:19:43]   状态: processing
[17:19:53]   状态: processing
[17:20:03]   状态: processing
[17:20:13]   状态: processing
[17:20:24]   状态: processing
[17:20:34]   状态: processing
[17:20:44]   状态: processing
[17:20:54]   状态: processing
[17:21:04]   状态: processing
[17:21:15]   状态: processing
[17:21:25]   状态: processing
[17:21:35]   状态: processing
[17:21:45]   状态: processing
[17:21:56]   状态: processing
[17:22:06]   状态: processing
[17:22:16]   状态: processing
[17:22:26]   状态: processing
[17:22:36]   状态: processing
[17:22:47]   状态: processing
[17:22:57]   状态: processing
[17:23:07]   状态: success
[17:23:07] 下载到 output/probes/S09_probe_v4.mp4
[17:23:08]   完成 (8.55 MB)
[17:23:08] 尾帧已保存: output/probes/frames/S09_probe_v4_last.png
[17:23:08] 耗时 267s
