[22:53:19] 恢复 request_id = b561b0f9-a30a-4eeb-94c7-fafa6afd60c0
[22:53:20]   状态: processing
[22:53:34]   状态: processing
[22:53:48]   状态: processing
[22:53:59]   状态: processing
[22:54:13]   状态: processing
[22:54:27]   状态: processing
[22:54:41]   状态: processing
[22:54:54]   状态: processing
[22:55:08]   状态: processing
[22:55:22]   状态: processing
[22:55:34]   状态: processing
[22:55:48]   状态: processing
[22:56:02]   状态: processing
[22:56:15]   状态: processing
[22:56:28]   状态: processing
[22:56:42]   状态: processing
[22:56:55]   状态: processing
[22:57:07]   状态: processing
[22:57:20]   状态: processing
[22:57:32]   状态: processing
[22:57:45]   状态: processing
[22:57:58]   状态: processing
[22:58:10]   状态: processing
[22:58:22]   状态: processing
[22:58:35]   状态: processing
[22:58:51]   状态: processing
[22:59:05]   状态: processing
[22:59:16]   状态: processing
[22:59:29]   状态: processing
[22:59:39]   状态: processing
[22:59:50]   状态: processing
[23:00:06]   状态: processing
[23:00:18]   状态: processing
[23:00:31]   状态: processing
[23:00:42]   状态: processing
[23:00:53]   状态: processing
[23:01:04]   状态: processing
[23:01:16]   状态: processing
[23:01:31]   状态: processing
[23:01:44]   状态: processing
[23:01:55]   状态: processing
[23:02:08]   状态: processing
[23:02:19]   状态: processing
[23:02:30]   状态: processing
[23:02:46]   状态: processing
[23:02:59]   状态: processing
[23:03:12]   状态: processing
[23:03:24]   状态: processing
[23:03:36]   状态: success
[23:03:36] 下载到 /Users/stevensmac/GMI Wolf/output/wave2/S12_v1.mp4
[23:03:37]   完成 (7.28 MB)
[23:03:37] 尾帧已保存: /Users/stevensmac/GMI Wolf/output/wave2/frames/S12_v1_last.png
